<?xml version="1.0" encoding="UTF-8"?>
<robot generator="Robot 3.2.1 (Python 3.8.3 on win32)" generated="20200712 22:06:07.337" rpa="false">
<suite id="s1" name="TC 001 SetupandTeardown" source="C:\Users\Subhashini\PycharmProjects\RobotAutomation\Testcases\TC_001_SetupandTeardown.robot">
<test id="s1-t1" name="Robot First test case">
<kw name="Start Browser and maximise" library="Resource2" type="setup">
<kw name="Open Browser" library="SeleniumLibrary">
<doc>Opens a new browser instance to the optional ``url``.</doc>
<arguments>
<arg>http://www.thetestingworld.com/testings</arg>
<arg>Chrome</arg>
</arguments>
<msg timestamp="20200712 22:06:07.670" level="INFO">Opening browser 'Chrome' to base url 'http://www.thetestingworld.com/testings'.</msg>
<status status="PASS" starttime="20200712 22:06:07.670" endtime="20200712 22:06:13.957"></status>
</kw>
<kw name="Maximize Browser Window" library="SeleniumLibrary">
<doc>Maximizes current browser window.</doc>
<status status="PASS" starttime="20200712 22:06:13.958" endtime="20200712 22:06:16.078"></status>
</kw>
<status status="PASS" starttime="20200712 22:06:07.669" endtime="20200712 22:06:16.078"></status>
</kw>
<kw name="Input Text" library="SeleniumLibrary">
<doc>Types the given ``text`` into the text field identified by ``locator``.</doc>
<arguments>
<arg>name:fld_username</arg>
<arg>Subhashini</arg>
</arguments>
<msg timestamp="20200712 22:06:16.080" level="INFO">Typing text 'Subhashini' into text field 'name:fld_username'.</msg>
<status status="PASS" starttime="20200712 22:06:16.080" endtime="20200712 22:06:16.280"></status>
</kw>
<kw name="Input Text" library="SeleniumLibrary">
<doc>Types the given ``text`` into the text field identified by ``locator``.</doc>
<arguments>
<arg>name:fld_email</arg>
<arg>subhashini17@gmail.com</arg>
</arguments>
<msg timestamp="20200712 22:06:16.281" level="INFO">Typing text 'subhashini17@gmail.com' into text field 'name:fld_email'.</msg>
<status status="PASS" starttime="20200712 22:06:16.281" endtime="20200712 22:06:16.520"></status>
</kw>
<kw name="Input Text" library="SeleniumLibrary">
<doc>Types the given ``text`` into the text field identified by ``locator``.</doc>
<arguments>
<arg>name:fld_password</arg>
<arg>1234567</arg>
</arguments>
<msg timestamp="20200712 22:06:16.521" level="INFO">Typing text '1234567' into text field 'name:fld_password'.</msg>
<status status="PASS" starttime="20200712 22:06:16.521" endtime="20200712 22:06:16.668"></status>
</kw>
<kw name="Close Browser Window" library="Resource2" type="teardown">
<kw name="Get Title" library="SeleniumLibrary">
<doc>Returns the title of the current page.</doc>
<assign>
<var>${Title}</var>
</assign>
<msg timestamp="20200712 22:06:16.676" level="INFO">${Title} = Login &amp; Sign Up Forms</msg>
<status status="PASS" starttime="20200712 22:06:16.670" endtime="20200712 22:06:16.676"></status>
</kw>
<kw name="Log" library="BuiltIn">
<doc>Logs the given message with the given level.</doc>
<arguments>
<arg>${Title}</arg>
</arguments>
<msg timestamp="20200712 22:06:16.677" level="INFO">Login &amp; Sign Up Forms</msg>
<status status="PASS" starttime="20200712 22:06:16.676" endtime="20200712 22:06:16.677"></status>
</kw>
<kw name="Close Browser" library="SeleniumLibrary">
<doc>Closes the current browser.</doc>
<status status="PASS" starttime="20200712 22:06:16.677" endtime="20200712 22:06:18.939"></status>
</kw>
<status status="PASS" starttime="20200712 22:06:16.669" endtime="20200712 22:06:18.939"></status>
</kw>
<status status="PASS" starttime="20200712 22:06:07.668" endtime="20200712 22:06:18.941" critical="yes"></status>
</test>
<test id="s1-t2" name="Robot Next Test Case">
<kw name="Start Browser and maximise" library="Resource2" type="setup">
<kw name="Open Browser" library="SeleniumLibrary">
<doc>Opens a new browser instance to the optional ``url``.</doc>
<arguments>
<arg>http://www.thetestingworld.com/testings</arg>
<arg>Chrome</arg>
</arguments>
<msg timestamp="20200712 22:06:18.961" level="INFO">Opening browser 'Chrome' to base url 'http://www.thetestingworld.com/testings'.</msg>
<status status="PASS" starttime="20200712 22:06:18.960" endtime="20200712 22:06:26.422"></status>
</kw>
<kw name="Maximize Browser Window" library="SeleniumLibrary">
<doc>Maximizes current browser window.</doc>
<status status="PASS" starttime="20200712 22:06:26.423" endtime="20200712 22:06:28.553"></status>
</kw>
<status status="PASS" starttime="20200712 22:06:18.957" endtime="20200712 22:06:28.553"></status>
</kw>
<kw name="Select Radio Button" library="SeleniumLibrary">
<doc>Sets the radio button group ``group_name`` to ``value``.</doc>
<arguments>
<arg>add_type</arg>
<arg>home</arg>
</arguments>
<msg timestamp="20200712 22:06:28.555" level="INFO">Selecting 'home' from radio button 'add_type'.</msg>
<status status="PASS" starttime="20200712 22:06:28.554" endtime="20200712 22:06:28.682"></status>
</kw>
<kw name="Close Browser Window" library="Resource2" type="teardown">
<kw name="Get Title" library="SeleniumLibrary">
<doc>Returns the title of the current page.</doc>
<assign>
<var>${Title}</var>
</assign>
<msg timestamp="20200712 22:06:28.690" level="INFO">${Title} = Login &amp; Sign Up Forms</msg>
<status status="PASS" starttime="20200712 22:06:28.684" endtime="20200712 22:06:28.690"></status>
</kw>
<kw name="Log" library="BuiltIn">
<doc>Logs the given message with the given level.</doc>
<arguments>
<arg>${Title}</arg>
</arguments>
<msg timestamp="20200712 22:06:28.691" level="INFO">Login &amp; Sign Up Forms</msg>
<status status="PASS" starttime="20200712 22:06:28.691" endtime="20200712 22:06:28.691"></status>
</kw>
<kw name="Close Browser" library="SeleniumLibrary">
<doc>Closes the current browser.</doc>
<status status="PASS" starttime="20200712 22:06:28.692" endtime="20200712 22:06:30.942"></status>
</kw>
<status status="PASS" starttime="20200712 22:06:28.683" endtime="20200712 22:06:30.942"></status>
</kw>
<status status="PASS" starttime="20200712 22:06:18.953" endtime="20200712 22:06:30.943" critical="yes"></status>
</test>
<doc>This file is having setup and teardown functionality</doc>
<status status="PASS" starttime="20200712 22:06:07.339" endtime="20200712 22:06:30.946"></status>
</suite>
<statistics>
<total>
<stat pass="2" fail="0">Critical Tests</stat>
<stat pass="2" fail="0">All Tests</stat>
</total>
<tag>
</tag>
<suite>
<stat pass="2" fail="0" id="s1" name="TC 001 SetupandTeardown">TC 001 SetupandTeardown</stat>
</suite>
</statistics>
<errors>
</errors>
</robot>
