<?xml version="1.0" encoding="UTF-8"?>
<robot generator="Robot 3.2.1 (Python 3.8.3 on win32)" generated="20200723 12:34:04.085" rpa="false">
<suite id="s1" name="TC 001 BDD" source="C:\Users\Subhashini\PycharmProjects\RobotAutomation\Testcases\ReturningArgs\TC_001_BDD.robot">
<test id="s1-t1" name="Testcase in BDD Format">
<kw name="Given Start Browser and maximise" library="Resource3">
<kw name="Open Browser" library="SeleniumLibrary">
<doc>Opens a new browser instance to the optional ``url``.</doc>
<arguments>
<arg>http://www.thetestingworld.com/testings</arg>
<arg>Chrome</arg>
</arguments>
<msg timestamp="20200723 12:34:04.451" level="INFO">Opening browser 'Chrome' to base url 'http://www.thetestingworld.com/testings'.</msg>
<status status="PASS" starttime="20200723 12:34:04.451" endtime="20200723 12:34:17.957"></status>
</kw>
<kw name="Maximize Browser Window" library="SeleniumLibrary">
<doc>Maximizes current browser window.</doc>
<status status="PASS" starttime="20200723 12:34:17.957" endtime="20200723 12:34:20.110"></status>
</kw>
<status status="PASS" starttime="20200723 12:34:04.450" endtime="20200723 12:34:20.110"></status>
</kw>
<kw name="When Creating Folder" library="Resource3">
<arguments>
<arg>Ashini</arg>
<arg>Venkat</arg>
</arguments>
<kw name="Create Folder" library="Userkeywordmkdir">
<arguments>
<arg>${foldername}</arg>
</arguments>
<status status="PASS" starttime="20200723 12:34:20.112" endtime="20200723 12:34:20.113"></status>
</kw>
<kw name="Create Sub Folder" library="Userkeywordmkdir">
<arguments>
<arg>${subfoldername}</arg>
</arguments>
<status status="PASS" starttime="20200723 12:34:20.113" endtime="20200723 12:34:20.114"></status>
</kw>
<kw name="Log" library="BuiltIn">
<doc>Logs the given message with the given level.</doc>
<arguments>
<arg>"Task completed successffully"</arg>
</arguments>
<msg timestamp="20200723 12:34:20.115" level="INFO">"Task completed successffully"</msg>
<status status="PASS" starttime="20200723 12:34:20.114" endtime="20200723 12:34:20.115"></status>
</kw>
<status status="PASS" starttime="20200723 12:34:20.111" endtime="20200723 12:34:20.115"></status>
</kw>
<kw name="Then Cancatening username and password" library="Resource3">
<arguments>
<arg>Testing</arg>
<arg>Ashini</arg>
</arguments>
<kw name="Concatenate Two Values" library="Userkeywordmkdir">
<arguments>
<arg>${username}</arg>
<arg>${password}</arg>
</arguments>
<assign>
<var>${result}</var>
</assign>
<msg timestamp="20200723 12:34:20.117" level="INFO">${result} = Testing Ashini</msg>
<status status="PASS" starttime="20200723 12:34:20.116" endtime="20200723 12:34:20.117"></status>
</kw>
<kw name="Log" library="BuiltIn">
<doc>Logs the given message with the given level.</doc>
<arguments>
<arg>${result}</arg>
</arguments>
<msg timestamp="20200723 12:34:20.117" level="INFO">Testing Ashini</msg>
<status status="PASS" starttime="20200723 12:34:20.117" endtime="20200723 12:34:20.117"></status>
</kw>
<status status="PASS" starttime="20200723 12:34:20.116" endtime="20200723 12:34:20.117"></status>
</kw>
<status status="PASS" starttime="20200723 12:34:04.449" endtime="20200723 12:34:20.118" critical="yes"></status>
</test>
<status status="PASS" starttime="20200723 12:34:04.088" endtime="20200723 12:34:20.122"></status>
</suite>
<statistics>
<total>
<stat pass="1" fail="0">Critical Tests</stat>
<stat pass="1" fail="0">All Tests</stat>
</total>
<tag>
</tag>
<suite>
<stat pass="1" fail="0" id="s1" name="TC 001 BDD">TC 001 BDD</stat>
</suite>
</statistics>
<errors>
</errors>
</robot>
