<?xml version="1.0" encoding="UTF-8"?>
<robot generator="Robot 3.2.1 (Python 3.8.3 on win32)" generated="20200721 07:25:28.095" rpa="false">
<suite id="s1" name="TC 001 SetupandTeardown" source="C:\Users\Subhashini\PycharmProjects\RobotAutomation\Testcases\TC_001_SetupandTeardown.robot">
<test id="s1-t1" name="Robot First test case">
<kw name="Start Browser and maximise" library="Resource2" type="setup">
<kw name="Open Browser" library="SeleniumLibrary">
<doc>Opens a new browser instance to the optional ``url``.</doc>
<arguments>
<arg>http://www.thetestingworld.com/testings</arg>
<arg>Chrome</arg>
</arguments>
<msg timestamp="20200721 07:25:28.468" level="INFO">Opening browser 'Chrome' to base url 'http://www.thetestingworld.com/testings'.</msg>
<status status="PASS" starttime="20200721 07:25:28.467" endtime="20200721 07:25:34.580"></status>
</kw>
<kw name="Maximize Browser Window" library="SeleniumLibrary">
<doc>Maximizes current browser window.</doc>
<status status="PASS" starttime="20200721 07:25:34.580" endtime="20200721 07:25:36.751"></status>
</kw>
<status status="PASS" starttime="20200721 07:25:28.467" endtime="20200721 07:25:36.751"></status>
</kw>
<kw name="Input Text" library="SeleniumLibrary">
<doc>Types the given ``text`` into the text field identified by ``locator``.</doc>
<arguments>
<arg>name:fld_username</arg>
<arg>Subhashini</arg>
</arguments>
<msg timestamp="20200721 07:25:36.751" level="INFO">Typing text 'Subhashini' into text field 'name:fld_username'.</msg>
<status status="PASS" starttime="20200721 07:25:36.751" endtime="20200721 07:25:37.001"></status>
</kw>
<kw name="Input Text" library="SeleniumLibrary">
<doc>Types the given ``text`` into the text field identified by ``locator``.</doc>
<arguments>
<arg>name:fld_email</arg>
<arg>subhashini17@gmail.com</arg>
</arguments>
<msg timestamp="20200721 07:25:37.002" level="INFO">Typing text 'subhashini17@gmail.com' into text field 'name:fld_email'.</msg>
<status status="PASS" starttime="20200721 07:25:37.001" endtime="20200721 07:25:37.241"></status>
</kw>
<kw name="Input Text" library="SeleniumLibrary">
<doc>Types the given ``text`` into the text field identified by ``locator``.</doc>
<arguments>
<arg>name:fld_password</arg>
<arg>1234567</arg>
</arguments>
<msg timestamp="20200721 07:25:37.242" level="INFO">Typing text '1234567' into text field 'name:fld_password'.</msg>
<status status="PASS" starttime="20200721 07:25:37.242" endtime="20200721 07:25:37.392"></status>
</kw>
<kw name="Close Browser Window" library="Resource2" type="teardown">
<kw name="Get Title" library="SeleniumLibrary">
<doc>Returns the title of the current page.</doc>
<assign>
<var>${Title}</var>
</assign>
<msg timestamp="20200721 07:25:37.400" level="INFO">${Title} = Login &amp; Sign Up Forms</msg>
<status status="PASS" starttime="20200721 07:25:37.394" endtime="20200721 07:25:37.400"></status>
</kw>
<kw name="Log" library="BuiltIn">
<doc>Logs the given message with the given level.</doc>
<arguments>
<arg>${Title}</arg>
</arguments>
<msg timestamp="20200721 07:25:37.401" level="INFO">Login &amp; Sign Up Forms</msg>
<status status="PASS" starttime="20200721 07:25:37.401" endtime="20200721 07:25:37.401"></status>
</kw>
<kw name="Close Browser" library="SeleniumLibrary">
<doc>Closes the current browser.</doc>
<status status="PASS" starttime="20200721 07:25:37.401" endtime="20200721 07:25:39.606"></status>
</kw>
<status status="PASS" starttime="20200721 07:25:37.394" endtime="20200721 07:25:39.607"></status>
</kw>
<tags>
<tag>FT</tag>
<tag>Sanity</tag>
</tags>
<status status="PASS" starttime="20200721 07:25:28.466" endtime="20200721 07:25:39.608" critical="yes"></status>
</test>
<test id="s1-t2" name="Robot Next Test Case">
<kw name="Start Browser and maximise" library="Resource2" type="setup">
<kw name="Open Browser" library="SeleniumLibrary">
<doc>Opens a new browser instance to the optional ``url``.</doc>
<arguments>
<arg>http://www.thetestingworld.com/testings</arg>
<arg>Chrome</arg>
</arguments>
<msg timestamp="20200721 07:25:39.615" level="INFO">Opening browser 'Chrome' to base url 'http://www.thetestingworld.com/testings'.</msg>
<status status="PASS" starttime="20200721 07:25:39.615" endtime="20200721 07:25:45.202"></status>
</kw>
<kw name="Maximize Browser Window" library="SeleniumLibrary">
<doc>Maximizes current browser window.</doc>
<status status="PASS" starttime="20200721 07:25:45.202" endtime="20200721 07:25:47.358"></status>
</kw>
<status status="PASS" starttime="20200721 07:25:39.614" endtime="20200721 07:25:47.359"></status>
</kw>
<kw name="Select Radio Button" library="SeleniumLibrary">
<doc>Sets the radio button group ``group_name`` to ``value``.</doc>
<arguments>
<arg>add_type</arg>
<arg>home</arg>
</arguments>
<msg timestamp="20200721 07:25:47.360" level="INFO">Selecting 'home' from radio button 'add_type'.</msg>
<status status="PASS" starttime="20200721 07:25:47.360" endtime="20200721 07:25:47.509"></status>
</kw>
<kw name="Close Browser Window" library="Resource2" type="teardown">
<kw name="Get Title" library="SeleniumLibrary">
<doc>Returns the title of the current page.</doc>
<assign>
<var>${Title}</var>
</assign>
<msg timestamp="20200721 07:25:47.516" level="INFO">${Title} = Login &amp; Sign Up Forms</msg>
<status status="PASS" starttime="20200721 07:25:47.510" endtime="20200721 07:25:47.516"></status>
</kw>
<kw name="Log" library="BuiltIn">
<doc>Logs the given message with the given level.</doc>
<arguments>
<arg>${Title}</arg>
</arguments>
<msg timestamp="20200721 07:25:47.517" level="INFO">Login &amp; Sign Up Forms</msg>
<status status="PASS" starttime="20200721 07:25:47.517" endtime="20200721 07:25:47.517"></status>
</kw>
<kw name="Close Browser" library="SeleniumLibrary">
<doc>Closes the current browser.</doc>
<status status="PASS" starttime="20200721 07:25:47.517" endtime="20200721 07:25:49.624"></status>
</kw>
<status status="PASS" starttime="20200721 07:25:47.510" endtime="20200721 07:25:49.624"></status>
</kw>
<tags>
<tag>FT</tag>
<tag>Smoke</tag>
</tags>
<status status="PASS" starttime="20200721 07:25:39.612" endtime="20200721 07:25:49.624" critical="yes"></status>
</test>
<doc>This file is having setup and teardown functionality</doc>
<status status="PASS" starttime="20200721 07:25:28.099" endtime="20200721 07:25:49.624"></status>
</suite>
<statistics>
<total>
<stat pass="2" fail="0">Critical Tests</stat>
<stat pass="2" fail="0">All Tests</stat>
</total>
<tag>
<stat pass="2" fail="0">FT</stat>
<stat pass="1" fail="0">Sanity</stat>
<stat pass="1" fail="0">Smoke</stat>
</tag>
<suite>
<stat pass="2" fail="0" id="s1" name="TC 001 SetupandTeardown">TC 001 SetupandTeardown</stat>
</suite>
</statistics>
<errors>
</errors>
</robot>
