<?xml version="1.0" encoding="UTF-8"?>
<robot generator="Robot 3.2.1 (Python 3.8.3 on win32)" generated="20200727 07:52:47.010" rpa="false">
<suite id="s1" name="TC 00 ReadingJson" source="C:\Users\Subhashini\PycharmProjects\RobotAutomation\Testcases\Basic cases\TC_00_ReadingJson.robot">
<test id="s1-t1" name="Robot Json Page Reading">
<kw name="Read Element locator">
<arguments>
<arg>Registration.username_textbox_name</arg>
</arguments>
<assign>
<var>${username}</var>
</assign>
<kw name="Read Locator Json" library="Locators">
<arguments>
<arg>${JsonPath}</arg>
</arguments>
<assign>
<var>${result}</var>
</assign>
<msg timestamp="20200727 07:52:48.134" level="INFO">${result} = fld_username</msg>
<status status="PASS" starttime="20200727 07:52:48.131" endtime="20200727 07:52:48.134"></status>
</kw>
<msg timestamp="20200727 07:52:48.134" level="INFO">${username} = fld_username</msg>
<status status="PASS" starttime="20200727 07:52:48.130" endtime="20200727 07:52:48.135"></status>
</kw>
<kw name="Input Text" library="SeleniumLibrary">
<doc>Types the given ``text`` into the text field identified by ``locator``.</doc>
<arguments>
<arg>name:${username}</arg>
<arg>HelloSubhashini</arg>
</arguments>
<msg timestamp="20200727 07:52:48.135" level="INFO">Typing text 'HelloSubhashini' into text field 'name:fld_username'.</msg>
<kw name="Capture Page Screenshot" library="SeleniumLibrary">
<doc>Takes a screenshot of the current page and embeds it into a log file.</doc>
<msg timestamp="20200727 07:52:48.136" level="INFO">Cannot capture screenshot because no browser is open.</msg>
<status status="PASS" starttime="20200727 07:52:48.136" endtime="20200727 07:52:48.136"></status>
</kw>
<msg timestamp="20200727 07:52:48.180" level="FAIL">No browser is open.</msg>
<status status="FAIL" starttime="20200727 07:52:48.135" endtime="20200727 07:52:48.180"></status>
</kw>
<status status="FAIL" starttime="20200727 07:52:48.125" endtime="20200727 07:52:48.181" critical="yes">No browser is open.</status>
</test>
<status status="FAIL" starttime="20200727 07:52:47.013" endtime="20200727 07:52:48.184"></status>
</suite>
<statistics>
<total>
<stat pass="0" fail="1">Critical Tests</stat>
<stat pass="0" fail="1">All Tests</stat>
</total>
<tag>
</tag>
<suite>
<stat pass="0" fail="1" id="s1" name="TC 00 ReadingJson">TC 00 ReadingJson</stat>
</suite>
</statistics>
<errors>
</errors>
</robot>
