<?xml version="1.0" encoding="UTF-8"?>
<robot generator="Robot 3.2.1 (Python 3.8.3 on win32)" generated="20200729 14:40:26.646" rpa="false">
<suite id="s1" name="TC 00 ReadingJson" source="C:\Users\Subhashini\PycharmProjects\RobotAutomation\Testcases\Basic cases\TC_00_ReadingJson.robot">
<test id="s1-t1" name="Robot Json Page Reading">
<kw name="Open Browser" library="SeleniumLibrary">
<doc>Opens a new browser instance to the optional ``url``.</doc>
<arguments>
<arg>${URL}</arg>
<arg>${Browser}</arg>
</arguments>
<msg timestamp="20200729 14:40:27.025" level="INFO">Opening browser 'Chrome' to base url 'http://thetestingworld.com/testings'.</msg>
<status status="PASS" starttime="20200729 14:40:27.024" endtime="20200729 14:40:36.495"></status>
</kw>
<kw name="Maximize Browser Window" library="SeleniumLibrary">
<doc>Maximizes current browser window.</doc>
<status status="PASS" starttime="20200729 14:40:36.496" endtime="20200729 14:40:38.632"></status>
</kw>
<kw name="Read Element locator">
<arguments>
<arg>Registration.username_textbox_name</arg>
</arguments>
<assign>
<var>${username}</var>
</assign>
<kw name="Read Locator Json" library="Locators">
<arguments>
<arg>${JsonPath}</arg>
</arguments>
<assign>
<var>${result}</var>
</assign>
<msg timestamp="20200729 14:40:38.635" level="INFO">${result} = fld_username</msg>
<status status="PASS" starttime="20200729 14:40:38.633" endtime="20200729 14:40:38.635"></status>
</kw>
<msg timestamp="20200729 14:40:38.636" level="INFO">${username} = fld_username</msg>
<status status="PASS" starttime="20200729 14:40:38.632" endtime="20200729 14:40:38.636"></status>
</kw>
<kw name="Input Text" library="SeleniumLibrary">
<doc>Types the given ``text`` into the text field identified by ``locator``.</doc>
<arguments>
<arg>name:${username}</arg>
<arg>HelloSubhashini</arg>
</arguments>
<msg timestamp="20200729 14:40:38.637" level="INFO">Typing text 'HelloSubhashini' into text field 'name:fld_username'.</msg>
<status status="PASS" starttime="20200729 14:40:38.636" endtime="20200729 14:40:38.863"></status>
</kw>
<kw name="Read Element locator">
<arguments>
<arg>Registration.password_textbox_name</arg>
</arguments>
<assign>
<var>${password}</var>
</assign>
<kw name="Read Locator Json" library="Locators">
<arguments>
<arg>${JsonPath}</arg>
</arguments>
<assign>
<var>${result}</var>
</assign>
<msg timestamp="20200729 14:40:38.865" level="INFO">${result} = fld_password</msg>
<status status="PASS" starttime="20200729 14:40:38.864" endtime="20200729 14:40:38.865"></status>
</kw>
<msg timestamp="20200729 14:40:38.865" level="INFO">${password} = fld_password</msg>
<status status="PASS" starttime="20200729 14:40:38.864" endtime="20200729 14:40:38.865"></status>
</kw>
<kw name="Input Text" library="SeleniumLibrary">
<doc>Types the given ``text`` into the text field identified by ``locator``.</doc>
<arguments>
<arg>name:${password}</arg>
<arg>HelloSubhashini</arg>
</arguments>
<msg timestamp="20200729 14:40:38.866" level="INFO">Typing text 'HelloSubhashini' into text field 'name:fld_password'.</msg>
<status status="PASS" starttime="20200729 14:40:38.866" endtime="20200729 14:40:39.062"></status>
</kw>
<kw name="Read Element locator">
<arguments>
<arg>Registration.email_textbox_name</arg>
</arguments>
<assign>
<var>${email}</var>
</assign>
<kw name="Read Locator Json" library="Locators">
<arguments>
<arg>${JsonPath}</arg>
</arguments>
<assign>
<var>${result}</var>
</assign>
<msg timestamp="20200729 14:40:39.064" level="INFO">${result} = fld_email</msg>
<status status="PASS" starttime="20200729 14:40:39.063" endtime="20200729 14:40:39.064"></status>
</kw>
<msg timestamp="20200729 14:40:39.064" level="INFO">${email} = fld_email</msg>
<status status="PASS" starttime="20200729 14:40:39.062" endtime="20200729 14:40:39.064"></status>
</kw>
<kw name="Input Text" library="SeleniumLibrary">
<doc>Types the given ``text`` into the text field identified by ``locator``.</doc>
<arguments>
<arg>name:${email}</arg>
<arg>subhashini@gmail.com</arg>
</arguments>
<msg timestamp="20200729 14:40:39.065" level="INFO">Typing text 'subhashini@gmail.com' into text field 'name:fld_email'.</msg>
<status status="PASS" starttime="20200729 14:40:39.064" endtime="20200729 14:40:39.305"></status>
</kw>
<status status="PASS" starttime="20200729 14:40:27.023" endtime="20200729 14:40:39.306" critical="yes"></status>
</test>
<status status="PASS" starttime="20200729 14:40:26.649" endtime="20200729 14:40:39.309"></status>
</suite>
<statistics>
<total>
<stat pass="1" fail="0">Critical Tests</stat>
<stat pass="1" fail="0">All Tests</stat>
</total>
<tag>
</tag>
<suite>
<stat pass="1" fail="0" id="s1" name="TC 00 ReadingJson">TC 00 ReadingJson</stat>
</suite>
</statistics>
<errors>
</errors>
</robot>
